Configuration on demand is an incubating feature.
Calculating task graph as configuration cache cannot be reused because directory '.' has changed.
> Task :buildSrc:checkKotlinGradlePluginConfigurationErrors
> Task :buildSrc:compileKotlin UP-TO-DATE
> Task :buildSrc:compileJava NO-SOURCE
> Task :buildSrc:compileGroovy NO-SOURCE
> Task :buildSrc:processResources NO-SOURCE
> Task :buildSrc:classes UP-TO-DATE
> Task :buildSrc:jar UP-TO-DATE

> Configure project :
android-reporting plugin is deprecated and is set to be removed in AGP 9.0

> Configure project :ad-click-impl
WARNING: The option setting 'android.experimental.lint.version=8.13.2' is experimental.

> Configure project :app
Signing properties not found, release artifacts will not be signed.

> Task :design-system:preBuild UP-TO-DATE
> Task :common-utils:preBuild UP-TO-DATE
> Task :di:preBuild UP-TO-DATE
> Task :design-system:preDebugBuild UP-TO-DATE
> Task :internal-features-api:preBuild UP-TO-DATE
> Task :internal-features-api:preDebugBuild UP-TO-DATE
> Task :common-utils:preDebugBuild UP-TO-DATE
> Task :di:preDebugBuild UP-TO-DATE
> Task :privacy-config-api:checkKotlinGradlePluginConfigurationErrors
> Task :anvil-annotations:checkKotlinGradlePluginConfigurationErrors
> Task :feature-toggles-internal-api:checkKotlinGradlePluginConfigurationErrors
> Task :app-build-config-api:checkKotlinGradlePluginConfigurationErrors
> Task :feature-toggles-api:checkKotlinGradlePluginConfigurationErrors
> Task :experiments-api:checkKotlinGradlePluginConfigurationErrors
> Task :di:writeDebugAarMetadata UP-TO-DATE
> Task :design-system:mergeDebugJniLibFolders UP-TO-DATE
> Task :internal-features-api:writeDebugAarMetadata UP-TO-DATE
> Task :common-utils:writeDebugAarMetadata UP-TO-DATE
> Task :anvil-annotations:processResources NO-SOURCE
> Task :app-build-config-api:processResources NO-SOURCE
> Task :experiments-api:compileKotlin UP-TO-DATE
> Task :app-build-config-api:compileKotlin UP-TO-DATE
> Task :anvil-compiler:checkKotlinGradlePluginConfigurationErrors
> Task :feature-toggles-api:processResources NO-SOURCE
> Task :feature-toggles-internal-api:compileKotlin UP-TO-DATE
> Task :experiments-api:processResources NO-SOURCE
> Task :feature-toggles-internal-api:processResources NO-SOURCE
> Task :common-utils:checkKotlinGradlePluginConfigurationErrors
> Task :privacy-config-api:processResources NO-SOURCE
> Task :design-system:mergeDebugNativeLibs NO-SOURCE
> Task :common-utils:generateDebugResValues UP-TO-DATE
> Task :di:generateDebugResValues UP-TO-DATE
> Task :experiments-api:compileJava NO-SOURCE
> Task :common-utils:processDebugNavigationResources UP-TO-DATE
> Task :common-utils:generateDebugResources UP-TO-DATE
> Task :di:generateDebugResources UP-TO-DATE
> Task :experiments-api:classes UP-TO-DATE
> Task :design-system:stripDebugDebugSymbols NO-SOURCE
> Task :di:packageDebugResources UP-TO-DATE
> Task :design-system:copyDebugJniLibsProjectAndLocalJars UP-TO-DATE
> Task :experiments-api:jar UP-TO-DATE
> Task :common-utils:packageDebugResources UP-TO-DATE
> Task :di:checkKotlinGradlePluginConfigurationErrors
> Task :di:processDebugNavigationResources UP-TO-DATE
> Task :di:javaPreCompileDebug UP-TO-DATE
> Task :app-build-config-api:compileJava NO-SOURCE
> Task :common-utils:dataBindingMergeDependencyArtifactsDebug UP-TO-DATE
> Task :app-build-config-api:classes UP-TO-DATE
> Task :di:parseDebugLocalResources UP-TO-DATE
> Task :feature-toggles-internal-api:compileJava NO-SOURCE
> Task :feature-toggles-internal-api:classes UP-TO-DATE
> Task :di:dataBindingMergeDependencyArtifactsDebug UP-TO-DATE
> Task :design-system:checkKotlinGradlePluginConfigurationErrors
> Task :common-utils:javaPreCompileDebug UP-TO-DATE
> Task :app-build-config-api:jar UP-TO-DATE
> Task :di:generateDebugRFile UP-TO-DATE
> Task :internal-features-api:generateDebugResValues UP-TO-DATE
> Task :internal-features-api:dataBindingMergeDependencyArtifactsDebug UP-TO-DATE
> Task :design-system:checkDebugAarMetadata UP-TO-DATE
> Task :feature-toggles-internal-api:jar UP-TO-DATE
> Task :common-utils:parseDebugLocalResources UP-TO-DATE
> Task :internal-features-api:processDebugNavigationResources UP-TO-DATE
> Task :internal-features-api:javaPreCompileDebug UP-TO-DATE
> Task :internal-features-api:checkKotlinGradlePluginConfigurationErrors
> Task :design-system:mergeDebugShaders UP-TO-DATE
> Task :feature-toggles-api:compileKotlin UP-TO-DATE
> Task :design-system:javaPreCompileDebug UP-TO-DATE
> Task :design-system:prepareDebugArtProfile UP-TO-DATE
> Task :design-system:prepareLintJarForPublish UP-TO-DATE
> Task :di:dataBindingGenBaseClassesDebug UP-TO-DATE
> Task :design-system:generateDebugResValues UP-TO-DATE
> Task :internal-features-api:generateDebugResources UP-TO-DATE
> Task :design-system:processDebugManifest UP-TO-DATE
> Task :feature-toggles-api:compileJava NO-SOURCE
> Task :feature-toggles-api:classes UP-TO-DATE
> Task :common-utils:generateDebugRFile UP-TO-DATE
> Task :internal-features-api:packageDebugResources UP-TO-DATE
> Task :design-system:compileDebugShaders NO-SOURCE
> Task :design-system:extractDeepLinksForAarDebug UP-TO-DATE
> Task :design-system:generateDebugAssets UP-TO-DATE
> Task :internal-features-api:parseDebugLocalResources UP-TO-DATE
> Task :design-system:writeDebugAarMetadata UP-TO-DATE
> Task :feature-toggles-api:jar UP-TO-DATE
> Task :internal-features-api:generateDebugRFile UP-TO-DATE
> Task :internal-features-api:dataBindingGenBaseClassesDebug UP-TO-DATE
> Task :privacy-config-api:compileKotlin UP-TO-DATE
> Task :design-system:mergeDebugAssets UP-TO-DATE
> Task :design-system:dataBindingMergeDependencyArtifactsDebug UP-TO-DATE
> Task :privacy-config-api:compileJava NO-SOURCE
> Task :privacy-config-api:classes UP-TO-DATE
> Task :common-utils:dataBindingGenBaseClassesDebug UP-TO-DATE
> Task :anvil-annotations:compileKotlin UP-TO-DATE
> Task :privacy-config-api:jar UP-TO-DATE
> Task :anvil-annotations:compileJava NO-SOURCE
> Task :anvil-annotations:classes UP-TO-DATE
> Task :anvil-annotations:jar UP-TO-DATE
> Task :internal-features-api:compileDebugKotlin UP-TO-DATE
> Task :internal-features-api:compileDebugJavaWithJavac NO-SOURCE
> Task :internal-features-api:bundleLibCompileToJarDebug UP-TO-DATE
> Task :anvil-compiler:kspKotlin UP-TO-DATE
> Task :di:compileDebugKotlin UP-TO-DATE
> Task :anvil-compiler:processResources UP-TO-DATE
> Task :di:compileDebugJavaWithJavac NO-SOURCE
> Task :di:bundleLibCompileToJarDebug UP-TO-DATE
> Task :anvil-compiler:compileKotlin UP-TO-DATE
> Task :anvil-compiler:compileJava NO-SOURCE
> Task :anvil-compiler:classes UP-TO-DATE
> Task :anvil-compiler:jar UP-TO-DATE
> Task :design-system:generateDebugResources
> Task :design-system:processDebugNavigationResources
> Task :common-utils:kspDebugKotlin UP-TO-DATE
> Task :common-utils:compileDebugKotlin UP-TO-DATE
> Task :common-utils:compileDebugJavaWithJavac NO-SOURCE
> Task :common-utils:bundleLibCompileToJarDebug UP-TO-DATE
> Task :design-system:packageDebugResources
> Task :design-system:parseDebugLocalResources
> Task :design-system:generateDebugRFile UP-TO-DATE
> Task :design-system:dataBindingGenBaseClassesDebug

> Task :design-system:compileDebugKotlin FAILED
e: file:///Users/muftimehedi/StudioProjects/revenge-browser/android-design-system/design-system/src/main/java/com/duckduckgo/common/ui/view/DaxDialog.kt:106:24 Unresolved reference: Widget_Revenge_DaxDialogFragment
e: file:///Users/muftimehedi/StudioProjects/revenge-browser/android-design-system/design-system/src/main/java/com/duckduckgo/common/ui/view/LottieDaxDialog.kt:94:24 Unresolved reference: Widget_Revenge_DaxDialogFragment
e: file:///Users/muftimehedi/StudioProjects/revenge-browser/android-design-system/design-system/src/main/java/com/duckduckgo/common/ui/view/button/DaxButton.kt:39:29 Unresolved reference: DaxButton
e: file:///Users/muftimehedi/StudioProjects/revenge-browser/android-design-system/design-system/src/main/java/com/duckduckgo/common/ui/view/button/DaxButton.kt:44:62 Unresolved reference: DaxButton_daxButtonSize
e: file:///Users/muftimehedi/StudioProjects/revenge-browser/android-design-system/design-system/src/main/java/com/duckduckgo/common/ui/view/button/DaxButton.kt:45:53 Unresolved reference: DaxButton_daxButtonSize
e: file:///Users/muftimehedi/StudioProjects/revenge-browser/android-design-system/design-system/src/main/java/com/duckduckgo/common/ui/view/listitem/BookmarksListItem.kt:53:17 Type mismatch: inferred type is RevengeSwitch but DaxSwitch was expected
e: file:///Users/muftimehedi/StudioProjects/revenge-browser/android-design-system/design-system/src/main/java/com/duckduckgo/common/ui/view/listitem/BookmarksListItem.kt:53:25 Cannot access class 'RevengeSwitch'. Check your module classpath for missing or conflicting dependencies
e: file:///Users/muftimehedi/StudioProjects/revenge-browser/android-design-system/design-system/src/main/java/com/duckduckgo/common/ui/view/listitem/DaxGridItem.kt:48:25 Unresolved reference: DaxGridItem
e: file:///Users/muftimehedi/StudioProjects/revenge-browser/android-design-system/design-system/src/main/java/com/duckduckgo/common/ui/view/listitem/DaxGridItem.kt:52:50 Unresolved reference: DaxGridItem_primaryText
e: file:///Users/muftimehedi/StudioProjects/revenge-browser/android-design-system/design-system/src/main/java/com/duckduckgo/common/ui/view/listitem/DaxGridItem.kt:53:38 Unresolved reference: DaxGridItem_leadingIcon
e: file:///Users/muftimehedi/StudioProjects/revenge-browser/android-design-system/design-system/src/main/java/com/duckduckgo/common/ui/view/listitem/DaxGridItem.kt:54:64 Unresolved reference: DaxGridItem_leadingIcon
e: file:///Users/muftimehedi/StudioProjects/revenge-browser/android-design-system/design-system/src/main/java/com/duckduckgo/common/ui/view/listitem/DaxGridItem.kt:57:38 Unresolved reference: DaxGridItem_gridItemType
e: file:///Users/muftimehedi/StudioProjects/revenge-browser/android-design-system/design-system/src/main/java/com/duckduckgo/common/ui/view/listitem/DaxGridItem.kt:58:69 Unresolved reference: DaxGridItem_gridItemType
e: file:///Users/muftimehedi/StudioProjects/revenge-browser/android-design-system/design-system/src/main/java/com/duckduckgo/common/ui/view/listitem/OneLineListItem.kt:54:17 Type mismatch: inferred type is RevengeSwitch but DaxSwitch was expected
e: file:///Users/muftimehedi/StudioProjects/revenge-browser/android-design-system/design-system/src/main/java/com/duckduckgo/common/ui/view/listitem/OneLineListItem.kt:54:25 Cannot access class 'RevengeSwitch'. Check your module classpath for missing or conflicting dependencies
e: file:///Users/muftimehedi/StudioProjects/revenge-browser/android-design-system/design-system/src/main/java/com/duckduckgo/common/ui/view/listitem/TwoLineListItem.kt:54:17 Type mismatch: inferred type is RevengeSwitch but DaxSwitch was expected
e: file:///Users/muftimehedi/StudioProjects/revenge-browser/android-design-system/design-system/src/main/java/com/duckduckgo/common/ui/view/listitem/TwoLineListItem.kt:54:25 Cannot access class 'RevengeSwitch'. Check your module classpath for missing or conflicting dependencies
e: file:///Users/muftimehedi/StudioProjects/revenge-browser/android-design-system/design-system/src/main/java/com/duckduckgo/common/ui/view/shape/DaxBubbleCardView.kt:36:76 Unresolved reference: DaxBubbleCardView
e: file:///Users/muftimehedi/StudioProjects/revenge-browser/android-design-system/design-system/src/main/java/com/duckduckgo/common/ui/view/shape/DaxBubbleCardView.kt:37:70 Unresolved reference: DaxBubbleCardView_edgePosition
e: file:///Users/muftimehedi/StudioProjects/revenge-browser/android-design-system/design-system/src/main/java/com/duckduckgo/common/ui/view/shape/DaxOnboardingBubbleCardView.kt:38:76 Unresolved reference: DaxOnboardingBubbleCardView
e: file:///Users/muftimehedi/StudioProjects/revenge-browser/android-design-system/design-system/src/main/java/com/duckduckgo/common/ui/view/shape/DaxOnboardingBubbleCardView.kt:39:70 Unresolved reference: DaxOnboardingBubbleCardView_edgePosition
e: file:///Users/muftimehedi/StudioProjects/revenge-browser/android-design-system/design-system/src/main/java/com/duckduckgo/common/ui/view/shape/DaxOnboardingBubbleCardView.kt:41:25 Unresolved reference: DaxOnboardingBubbleCardView_arrowHeight
e: file:///Users/muftimehedi/StudioProjects/revenge-browser/android-design-system/design-system/src/main/java/com/duckduckgo/common/ui/view/shape/DaxOnboardingBubbleCardView.kt:47:66 Unresolved reference: DaxOnboardingBubbleCardView_arrowOffsetStart
e: file:///Users/muftimehedi/StudioProjects/revenge-browser/android-design-system/design-system/src/main/java/com/duckduckgo/common/ui/view/shape/DaxOnboardingBubbleCardView.kt:48:64 Unresolved reference: DaxOnboardingBubbleCardView_arrowOffsetEnd
e: file:///Users/muftimehedi/StudioProjects/revenge-browser/android-design-system/design-system/src/main/java/com/duckduckgo/common/ui/view/text/DaxTextInput.kt:110:25 Unresolved reference: DaxTextInput
e: file:///Users/muftimehedi/StudioProjects/revenge-browser/android-design-system/design-system/src/main/java/com/duckduckgo/common/ui/view/text/DaxTextInput.kt:114:42 Unresolved reference: DaxTextInput_android_text
e: file:///Users/muftimehedi/StudioProjects/revenge-browser/android-design-system/design-system/src/main/java/com/duckduckgo/common/ui/view/text/DaxTextInput.kt:115:37 Unresolved reference: DaxTextInput_endIcon
e: file:///Users/muftimehedi/StudioProjects/revenge-browser/android-design-system/design-system/src/main/java/com/duckduckgo/common/ui/view/text/DaxTextInput.kt:116:64 Unresolved reference: DaxTextInput_endIconContentDescription
e: file:///Users/muftimehedi/StudioProjects/revenge-browser/android-design-system/design-system/src/main/java/com/duckduckgo/common/ui/view/text/DaxTextInput.kt:120:50 Unresolved reference: DaxTextInput_clickable
e: file:///Users/muftimehedi/StudioProjects/revenge-browser/android-design-system/design-system/src/main/java/com/duckduckgo/common/ui/view/text/DaxTextInput.kt:121:49 Unresolved reference: DaxTextInput_editable
e: file:///Users/muftimehedi/StudioProjects/revenge-browser/android-design-system/design-system/src/main/java/com/duckduckgo/common/ui/view/text/DaxTextInput.kt:122:87 Unresolved reference: DaxTextInput_android_hint
e: file:///Users/muftimehedi/StudioProjects/revenge-browser/android-design-system/design-system/src/main/java/com/duckduckgo/common/ui/view/text/DaxTextInput.kt:127:47 Unresolved reference: DaxTextInput_android_minLines
e: file:///Users/muftimehedi/StudioProjects/revenge-browser/android-design-system/design-system/src/main/java/com/duckduckgo/common/ui/view/text/DaxTextInput.kt:130:48 Unresolved reference: DaxTextInput_singleLineTextTruncated
e: file:///Users/muftimehedi/StudioProjects/revenge-browser/android-design-system/design-system/src/main/java/com/duckduckgo/common/ui/view/text/DaxTextInput.kt:138:40 Unresolved reference: DaxTextInput_capitalizeKeyboard
e: file:///Users/muftimehedi/StudioProjects/revenge-browser/android-design-system/design-system/src/main/java/com/duckduckgo/common/ui/view/text/DaxTextInput.kt:142:50 Unresolved reference: DaxTextInput_android_enabled
e: file:///Users/muftimehedi/StudioProjects/revenge-browser/android-design-system/design-system/src/main/java/com/duckduckgo/common/ui/view/text/DaxTextInput.kt:425:47 Unresolved reference: DaxTextInput_type

[Incubating] Problems report is available at: file:///Users/muftimehedi/StudioProjects/revenge-browser/build/reports/problems/problems-report.html

FAILURE: Build failed with an exception.

* What went wrong:
Execution failed for task ':design-system:compileDebugKotlin'.
> A failure occurred while executing org.jetbrains.kotlin.compilerRunner.GradleCompilerRunnerWithWorkers$GradleKotlinCompilerWorkAction
   > Compilation error. See log for more details

* Try:
> Run with --stacktrace option to get the stack trace.
> Run with --info or --debug option to get more log output.
> Run with --scan to get full insights.
> Get more help at https://help.gradle.org.

Deprecated Gradle features were used in this build, making it incompatible with Gradle 9.0.

You can use '--warning-mode all' to show the individual deprecation warnings and determine if they come from your own scripts or plugins.

For more on this, please refer to https://docs.gradle.org/8.13/userguide/command_line_interface.html#sec:command_line_warnings in the Gradle documentation.

BUILD FAILED in 16s
87 actionable tasks: 18 executed, 69 up-to-date
Configuration cache entry stored.
